---------------------------------------
Begin Slurm Prolog: Apr-30-2025 21:46:17
Job ID:    2549823
User ID:   alambert48
Account:   ice-pace-staff
Job name:  run.sbatch
Partition: pace-cpu
QOS:       ice-pace-staff
---------------------------------------
jump range: 20
jumps: 10
hops: 2
capacity: 712
system count: 71059
station count: 265441
listing count: 11792320
found sol at index 34672
begin initial traversal...
initial traversal finished...
100/31090
200/31090
300/31090
400/31090
500/31090
600/31090
700/31090
800/31090
900/31090
1000/31090
1100/31090
1200/31090
1300/31090
1400/31090
1500/31090
1600/31090
1700/31090
1800/31090
1900/31090
2000/31090
2100/31090
2200/31090
2300/31090
2400/31090
2500/31090
2600/31090
2700/31090
2800/31090
2900/31090
3000/31090
3100/31090
3200/31090
3300/31090
3400/31090
3500/31090
3600/31090
3700/31090
3800/31090
3900/31090
4000/31090
4100/31090
4200/31090
4300/31090
4400/31090
4500/31090
4600/31090
4700/31090
4800/31090
4900/31090
5000/31090
5100/31090
5200/31090
5300/31090
5400/31090
5500/31090
5600/31090
5700/31090
5800/31090
5900/31090
6000/31090
6100/31090
6200/31090
6300/31090
6400/31090
6500/31090
6600/31090
6700/31090
6800/31090
6900/31090
7000/31090
7100/31090
7200/31090
7300/31090
7400/31090
7500/31090
7600/31090
7700/31090
7800/31090
7900/31090
8000/31090
8100/31090
8200/31090
8300/31090
8400/31090
8500/31090
8600/31090
8700/31090
8800/31090
8900/31090
9000/31090
9100/31090
9200/31090
9300/31090
9400/31090
9500/31090
9600/31090
9700/31090
9800/31090
9900/31090
10000/31090
10100/31090
10200/31090
10300/31090
10400/31090
10500/31090
10600/31090
10700/31090
10800/31090
10900/31090
11000/31090
11100/31090
11200/31090
11300/31090
11400/31090
11500/31090
11600/31090
11700/31090
11800/31090
11900/31090
12000/31090
12100/31090
12200/31090
12300/31090
12400/31090
12500/31090
12600/31090
12700/31090
12800/31090
12900/31090
13000/31090
13100/31090
13200/31090
13300/31090
13400/31090
13500/31090
13600/31090
13700/31090
13800/31090
13900/31090
14000/31090
14100/31090
14200/31090
14300/31090
14400/31090
14500/31090
14600/31090
14700/31090
14800/31090
14900/31090
15000/31090
15100/31090
15200/31090
15300/31090
15400/31090
15500/31090
15600/31090
15700/31090
15800/31090
15900/31090
16000/31090
16100/31090
16200/31090
16300/31090
16400/31090
16500/31090
16600/31090
16700/31090
16800/31090
16900/31090
17000/31090
17100/31090
17200/31090
17300/31090
17400/31090
17500/31090
17600/31090
17700/31090
17800/31090
17900/31090
18000/31090
18100/31090
18200/31090
18300/31090
18400/31090
18500/31090
18600/31090
18700/31090
18800/31090
18900/31090
19000/31090
19100/31090
19200/31090
19300/31090
19400/31090
19500/31090
19600/31090
19700/31090
19800/31090
19900/31090
20000/31090
20100/31090
20200/31090
20300/31090
20400/31090
20500/31090
20600/31090
20700/31090
20800/31090
20900/31090
21000/31090
21100/31090
21200/31090
21300/31090
21400/31090
21500/31090
21600/31090
21700/31090
21800/31090
21900/31090
22000/31090
22100/31090
22200/31090
22300/31090
22400/31090
22500/31090
22600/31090
22700/31090
22800/31090
22900/31090
23000/31090
23100/31090
23200/31090
23300/31090
23400/31090
23500/31090
23600/31090
23700/31090
23800/31090
23900/31090
24000/31090
24100/31090
24200/31090
24300/31090
24400/31090
24500/31090
24600/31090
24700/31090
24800/31090
24900/31090
25000/31090
25100/31090
25200/31090
25300/31090
25400/31090
25500/31090
25600/31090
25700/31090
25800/31090
25900/31090
26000/31090
26100/31090
26200/31090
26300/31090
26400/31090
26500/31090
26600/31090
26700/31090
26800/31090
26900/31090
27000/31090
27100/31090
27200/31090
27300/31090
27400/31090
27500/31090
27600/31090
27700/31090
27800/31090
27900/31090
28000/31090
28100/31090
28200/31090
28300/31090
28400/31090
28500/31090
28600/31090
28700/31090
28800/31090
28900/31090
29000/31090
29100/31090
29200/31090
29300/31090
29400/31090
29500/31090
29600/31090
29700/31090
29800/31090
29900/31090
30000/31090
30100/31090
30200/31090
30300/31090
30400/31090
30500/31090
30600/31090
30700/31090
30800/31090
30900/31090
31000/31090
hop 2:
	optimal solution to system id 3657265222338 and station id 3222614272 from system id 2312579828067 and station id 3223216896 with profit 40632753
hop 1:
	optimal solution to system id 2312579828067 and station id 3223216896 from system id 10477373803 and station id 3802401536 with profit 13353185
0.04user 0.03system 9:10.71elapsed 0%CPU (0avgtext+0avgdata 9024maxresident)k
0inputs+488outputs (0major+1593minor)pagefaults 0swaps
jump range: 10
jumps: 10
hops: 2
capacity: 712
system count: 71059
station count: 265441
listing count: 11792320
found sol at index 34672
begin initial traversal...
initial traversal finished...
100/4562
200/4562
300/4562
400/4562
500/4562
600/4562
700/4562
800/4562
900/4562
1000/4562
1100/4562
1200/4562
1300/4562
1400/4562
1500/4562
1600/4562
1700/4562
1800/4562
1900/4562
2000/4562
2100/4562
2200/4562
2300/4562
2400/4562
2500/4562
2600/4562
2700/4562
2800/4562
2900/4562
3000/4562
3100/4562
3200/4562
3300/4562
3400/4562
3500/4562
3600/4562
3700/4562
3800/4562
3900/4562
4000/4562
4100/4562
4200/4562
4300/4562
4400/4562
4500/4562
hop 2:
	optimal solution to system id 4477243361643 and station id 3228766720 from system id 5061358913899 and station id 3228829696 with profit 39495401
hop 1:
	optimal solution to system id 5061358913899 and station id 3228829696 from system id 10477373803 and station id 3802401536 with profit 13328689
0.04user 0.01system 4:03.28elapsed 0%CPU (0avgtext+0avgdata 9024maxresident)k
0inputs+40outputs (0major+1593minor)pagefaults 0swaps
jump range: 10
jumps: 10
hops: 2
capacity: 712
system count: 71059
station count: 265441
listing count: 11792320
found sol at index 34672
begin initial traversal...
initial traversal finished...
100/4562
200/4562
300/4562
400/4562
500/4562
600/4562
700/4562
800/4562
900/4562
1000/4562
1100/4562
1200/4562
1300/4562
1400/4562
1500/4562
1600/4562
1700/4562
1800/4562
1900/4562
2000/4562
2100/4562
2200/4562
2300/4562
2400/4562
2500/4562
2600/4562
2700/4562
2800/4562
2900/4562
3000/4562
3100/4562
3200/4562
3300/4562
3400/4562
3500/4562
3600/4562
3700/4562
3800/4562
3900/4562
4000/4562
4100/4562
4200/4562
4300/4562
4400/4562
4500/4562
hop 2:
	optimal solution to system id 4477243361643 and station id 3228766720 from system id 5061358913899 and station id 3228829696 with profit 39495401
hop 1:
	optimal solution to system id 5061358913899 and station id 3228829696 from system id 10477373803 and station id 3802401536 with profit 13328689
0.03user 0.01system 4:08.67elapsed 0%CPU (0avgtext+0avgdata 9408maxresident)k
0inputs+40outputs (0major+1594minor)pagefaults 0swaps
jump range: 10
jumps: 10
hops: 2
capacity: 712
system count: 71059
station count: 265441
listing count: 11792320
found sol at index 34672
begin initial traversal...
initial traversal finished...
100/4562
200/4562
300/4562
400/4562
500/4562
600/4562
700/4562
800/4562
900/4562
1000/4562
1100/4562
1200/4562
1300/4562
1400/4562
1500/4562
1600/4562
1700/4562
1800/4562
1900/4562
2000/4562
2100/4562
2200/4562
2300/4562
2400/4562
2500/4562
2600/4562
2700/4562
2800/4562
2900/4562
3000/4562
3100/4562
3200/4562
3300/4562
3400/4562
3500/4562
3600/4562
3700/4562
3800/4562
3900/4562
4000/4562
4100/4562
4200/4562
4300/4562
4400/4562
4500/4562
hop 2:
	optimal solution to system id 4477243361643 and station id 3228766720 from system id 5061358913899 and station id 3228829696 with profit 39495401
hop 1:
	optimal solution to system id 5061358913899 and station id 3228829696 from system id 10477373803 and station id 3802401536 with profit 13328689
0.03user 0.01system 4:39.29elapsed 0%CPU (0avgtext+0avgdata 9216maxresident)k
0inputs+64outputs (0major+1593minor)pagefaults 0swaps
jump range: 10
jumps: 10
hops: 2
capacity: 712
system count: 71059
station count: 265441
listing count: 11792320
found sol at index 34672
begin initial traversal...
initial traversal finished...
100/4562
200/4562
300/4562
400/4562
500/4562
600/4562
700/4562
800/4562
900/4562
1000/4562
1100/4562
1200/4562
1300/4562
1400/4562
1500/4562
1600/4562
1700/4562
1800/4562
1900/4562
2000/4562
2100/4562
2200/4562
2300/4562
2400/4562
2500/4562
2600/4562
2700/4562
2800/4562
2900/4562
3000/4562
3100/4562
3200/4562
3300/4562
3400/4562
3500/4562
3600/4562
3700/4562
3800/4562
3900/4562
4000/4562
4100/4562
4200/4562
4300/4562
4400/4562
4500/4562
hop 2:
	optimal solution to system id 4477243361643 and station id 3228766720 from system id 5061358913899 and station id 3228829696 with profit 39495401
hop 1:
	optimal solution to system id 5061358913899 and station id 3228829696 from system id 10477373803 and station id 3802401536 with profit 13328689
0.03user 0.01system 4:52.91elapsed 0%CPU (0avgtext+0avgdata 9216maxresident)k
0inputs+104outputs (0major+1594minor)pagefaults 0swaps
jump range: 10
jumps: 10
hops: 2
capacity: 712
system count: 71059
station count: 265441
listing count: 11792320
found sol at index 34672
begin initial traversal...
initial traversal finished...
100/4562
200/4562
300/4562
400/4562
500/4562
600/4562
700/4562
800/4562
900/4562
1000/4562
1100/4562
1200/4562
1300/4562
1400/4562
1500/4562
1600/4562
1700/4562
1800/4562
1900/4562
2000/4562
2100/4562
2200/4562
2300/4562
2400/4562
2500/4562
2600/4562
2700/4562
2800/4562
2900/4562
3000/4562
3100/4562
3200/4562
3300/4562
3400/4562
3500/4562
3600/4562
3700/4562
3800/4562
3900/4562
4000/4562
4100/4562
4200/4562
4300/4562
4400/4562
4500/4562
hop 2:
	optimal solution to system id 4477243361643 and station id 3228766720 from system id 5061358913899 and station id 3228829696 with profit 39495401
hop 1:
	optimal solution to system id 5061358913899 and station id 3228829696 from system id 10477373803 and station id 3802401536 with profit 13328689
0.03user 0.01system 7:06.76elapsed 0%CPU (0avgtext+0avgdata 9216maxresident)k
0inputs+312outputs (0major+1593minor)pagefaults 0swaps
---------------------------------------
Begin Slurm Epilog: Apr-30-2025 22:20:19
Job ID:        2549823
User ID:       alambert48
Account:       ice-pace-staff
Job name:      run.sbatch
Resources:     cpu=24,mem=192G,node=1
Rsrc Used:     cput=13:36:48,vmem=0,walltime=00:34:02,mem=8772K,energy_used=0
Partition:     pace-cpu
QOS:           ice-pace-staff
Nodes:         atl1-1-02-003-19-2
---------------------------------------
