---------------------------------------
Begin Slurm Prolog: Apr-30-2025 21:04:59
Job ID:    2549794
User ID:   alambert48
Account:   ice-pace-staff
Job name:  run.sbatch
Partition: pace-cpu
QOS:       ice-pace-staff
---------------------------------------
jump range: 20
jumps: 10
hops: 3
capacity: 712
system count: 71059
station count: 265441
listing count: 11792320
found sol at index 34672
100/31090
200/31090
300/31090
400/31090
500/31090
600/31090
700/31090
800/31090
900/31090
1000/31090
1100/31090
1200/31090
1300/31090
1400/31090
1500/31090
1600/31090
1700/31090
1800/31090
1900/31090
2000/31090
2100/31090
2200/31090
2300/31090
2400/31090
2500/31090
2600/31090
2700/31090
2800/31090
2900/31090
3000/31090
3100/31090
3200/31090
3300/31090
3400/31090
3500/31090
3600/31090
3700/31090
3800/31090
3900/31090
4000/31090
4100/31090
4200/31090
4300/31090
4400/31090
4500/31090
4600/31090
4700/31090
4800/31090
4900/31090
5000/31090
5100/31090
5200/31090
5300/31090
5400/31090
5500/31090
5600/31090
5700/31090
5800/31090
5900/31090
6000/31090
6100/31090
6200/31090
6300/31090
6400/31090
6500/31090
6600/31090
6700/31090
6800/31090
6900/31090
7000/31090
7100/31090
7200/31090
7300/31090
7400/31090
7500/31090
7600/31090
7700/31090
7800/31090
7900/31090
8000/31090
8100/31090
8200/31090
8300/31090
8400/31090
8500/31090
8600/31090
8700/31090
8800/31090
8900/31090
9000/31090
9100/31090
9200/31090
9300/31090
9400/31090
9500/31090
9600/31090
9700/31090
9800/31090
9900/31090
10000/31090
10100/31090
10200/31090
10300/31090
10400/31090
10500/31090
10600/31090
10700/31090
10800/31090
10900/31090
11000/31090
11100/31090
11200/31090
11300/31090
11400/31090
11500/31090
11600/31090
11700/31090
11800/31090
11900/31090
12000/31090
12100/31090
12200/31090
12300/31090
12400/31090
12500/31090
12600/31090
12700/31090
12800/31090
12900/31090
13000/31090
13100/31090
13200/31090
13300/31090
13400/31090
13500/31090
13600/31090
13700/31090
13800/31090
13900/31090
14000/31090
14100/31090
14200/31090
14300/31090
14400/31090
14500/31090
14600/31090
14700/31090
14800/31090
14900/31090
15000/31090
15100/31090
15200/31090
15300/31090
15400/31090
15500/31090
15600/31090
15700/31090
15800/31090
15900/31090
16000/31090
16100/31090
16200/31090
16300/31090
16400/31090
16500/31090
16600/31090
16700/31090
16800/31090
16900/31090
17000/31090
17100/31090
17200/31090
17300/31090
17400/31090
17500/31090
17600/31090
17700/31090
17800/31090
17900/31090
18000/31090
18100/31090
18200/31090
18300/31090
18400/31090
18500/31090
18600/31090
18700/31090
18800/31090
18900/31090
19000/31090
19100/31090
19200/31090
19300/31090
19400/31090
19500/31090
19600/31090
19700/31090
19800/31090
19900/31090
20000/31090
20100/31090
20200/31090
20300/31090
20400/31090
20500/31090
20600/31090
20700/31090
20800/31090
20900/31090
21000/31090
21100/31090
21200/31090
21300/31090
21400/31090
21500/31090
21600/31090
21700/31090
21800/31090
21900/31090
22000/31090
22100/31090
22200/31090
22300/31090
22400/31090
22500/31090
22600/31090
22700/31090
22800/31090
22900/31090
23000/31090
23100/31090
23200/31090
23300/31090
23400/31090
23500/31090
23600/31090
23700/31090
23800/31090
23900/31090
24000/31090
24100/31090
24200/31090
24300/31090
24400/31090
24500/31090
24600/31090
24700/31090
24800/31090
24900/31090
25000/31090
25100/31090
25200/31090
25300/31090
25400/31090
25500/31090
25600/31090
25700/31090
25800/31090
25900/31090
26000/31090
26100/31090
26200/31090
26300/31090
26400/31090
26500/31090
26600/31090
26700/31090
26800/31090
26900/31090
27000/31090
27100/31090
27200/31090
27300/31090
27400/31090
27500/31090
27600/31090
27700/31090
27800/31090
27900/31090
28000/31090
28100/31090
28200/31090
28300/31090
28400/31090
28500/31090
28600/31090
28700/31090
28800/31090
28900/31090
29000/31090
29100/31090
29200/31090
29300/31090
29400/31090
29500/31090
29600/31090
29700/31090
29800/31090
29900/31090
30000/31090
30100/31090
30200/31090
30300/31090
30400/31090
30500/31090
30600/31090
30700/31090
30800/31090
30900/31090
31000/31090
100/42346
200/42346
300/42346
400/42346
500/42346
600/42346
700/42346
800/42346
900/42346
1000/42346
1100/42346
1200/42346
1300/42346
1400/42346
1500/42346
1600/42346
1700/42346
1800/42346
1900/42346
2000/42346
2100/42346
2200/42346
2300/42346
2400/42346
2500/42346
2600/42346
2700/42346
2800/42346
2900/42346
3000/42346
3100/42346
3200/42346
3300/42346
3400/42346
3500/42346
3600/42346
3700/42346
3800/42346
3900/42346
4000/42346
4100/42346
4200/42346
4300/42346
4400/42346
4500/42346
4600/42346
4700/42346
4800/42346
4900/42346
5000/42346
5100/42346
5200/42346
5300/42346
5400/42346
5500/42346
5600/42346
5700/42346
5800/42346
5900/42346
6000/42346
6100/42346
6200/42346
6300/42346
6400/42346
6500/42346
6600/42346
6700/42346
6800/42346
6900/42346
7000/42346
7100/42346
7200/42346
7300/42346
7400/42346
7500/42346
7600/42346
7700/42346
7800/42346
7900/42346
8000/42346
8100/42346
8200/42346
8300/42346
8400/42346
8500/42346
8600/42346
8700/42346
8800/42346
8900/42346
9000/42346
9100/42346
9200/42346
9300/42346
9400/42346
9500/42346
9600/42346
9700/42346
9800/42346
9900/42346
10000/42346
10100/42346
10200/42346
10300/42346
10400/42346
10500/42346
10600/42346
10700/42346
10800/42346
10900/42346
11000/42346
11100/42346
11200/42346
11300/42346
11400/42346
11500/42346
11600/42346
11700/42346
11800/42346
11900/42346
12000/42346
12100/42346
12200/42346
12300/42346
12400/42346
12500/42346
12600/42346
12700/42346
12800/42346
12900/42346
13000/42346
13100/42346
13200/42346
13300/42346
13400/42346
13500/42346
13600/42346
13700/42346
13800/42346
13900/42346
14000/42346
14100/42346
14200/42346
14300/42346
14400/42346
14500/42346
14600/42346
14700/42346
14800/42346
14900/42346
15000/42346
15100/42346
15200/42346
15300/42346
15400/42346
15500/42346
15600/42346
15700/42346
15800/42346
15900/42346
16000/42346
16100/42346
16200/42346
16300/42346
16400/42346
16500/42346
16600/42346
16700/42346
16800/42346
16900/42346
17000/42346
17100/42346
17200/42346
17300/42346
17400/42346
17500/42346
17600/42346
17700/42346
17800/42346
17900/42346
18000/42346
18100/42346
18200/42346
18300/42346
18400/42346
18500/42346
18600/42346
18700/42346
18800/42346
18900/42346
19000/42346
19100/42346
19200/42346
19300/42346
19400/42346
19500/42346
19600/42346
19700/42346
19800/42346
19900/42346
20000/42346
20100/42346
20200/42346
20300/42346
20400/42346
20500/42346
20600/42346
20700/42346
20800/42346
20900/42346
21000/42346
21100/42346
21200/42346
21300/42346
21400/42346
21500/42346
21600/42346
21700/42346
21800/42346
21900/42346
22000/42346
22100/42346
22200/42346
22300/42346
22400/42346
22500/42346
22600/42346
22700/42346
22800/42346
22900/42346
23000/42346
23100/42346
23200/42346
23300/42346
23400/42346
23500/42346
23600/42346
23700/42346
23800/42346
23900/42346
24000/42346
24100/42346
24200/42346
24300/42346
24400/42346
24500/42346
24600/42346
24700/42346
24800/42346
24900/42346
25000/42346
25100/42346
25200/42346
25300/42346
25400/42346
25500/42346
25600/42346
25700/42346
25800/42346
25900/42346
26000/42346
26100/42346
26200/42346
26300/42346
26400/42346
26500/42346
26600/42346
26700/42346
26800/42346
26900/42346
27000/42346
27100/42346
27200/42346
27300/42346
27400/42346
27500/42346
27600/42346
27700/42346
27800/42346
27900/42346
28000/42346
28100/42346
28200/42346
28300/42346
28400/42346
28500/42346
28600/42346
28700/42346
28800/42346
28900/42346
29000/42346
29100/42346
29200/42346
29300/42346
29400/42346
29500/42346
29600/42346
29700/42346
29800/42346
29900/42346
30000/42346
30100/42346
30200/42346
30300/42346
30400/42346
30500/42346
30600/42346
30700/42346
30800/42346
30900/42346
31000/42346
31100/42346
31200/42346
31300/42346
31400/42346
31500/42346
31600/42346
31700/42346
31800/42346
31900/42346
32000/42346
32100/42346
32200/42346
32300/42346
32400/42346
32500/42346
32600/42346
32700/42346
32800/42346
32900/42346
33000/42346
33100/42346
33200/42346
33300/42346
33400/42346
33500/42346
33600/42346
33700/42346
33800/42346
33900/42346
34000/42346
34100/42346
34200/42346
34300/42346
34400/42346
34500/42346
34600/42346
34700/42346
34800/42346
34900/42346
35000/42346
35100/42346
35200/42346
35300/42346
35400/42346
35500/42346
35600/42346
35700/42346
35800/42346
35900/42346
36000/42346
36100/42346
36200/42346
36300/42346
36400/42346
36500/42346
36600/42346
36700/42346
36800/42346
36900/42346
37000/42346
37100/42346
37200/42346
37300/42346
37400/42346
37500/42346
37600/42346
37700/42346
37800/42346
37900/42346
38000/42346
38100/42346
38200/42346
38300/42346
38400/42346
38500/42346
38600/42346
38700/42346
38800/42346
38900/42346
39000/42346
39100/42346
39200/42346
39300/42346
39400/42346
39500/42346
39600/42346
39700/42346
39800/42346
39900/42346
40000/42346
40100/42346
40200/42346
40300/42346
40400/42346
40500/42346
40600/42346
40700/42346
40800/42346
40900/42346
41000/42346
41100/42346
41200/42346
41300/42346
41400/42346
41500/42346
41600/42346
41700/42346
41800/42346
41900/42346
42000/42346
42100/42346
42200/42346
42300/42346
hop 3:
	optimal solution to system id 3657265222338 and station id 3222614272 from system id 10477357419 and station id 3223933440 with profit 66950121
hop 2:
	optimal solution to system id 10477357419 and station id 3223933440 from system id 5061358913899 and station id 3228829696 with profit 38762041
hop 1:
	optimal solution to system id 5061358913899 and station id 3228829696 from system id 10477373803 and station id 3802401536 with profit 13328689
0.03user 0.00system 30:52.35elapsed 0%CPU (0avgtext+0avgdata 9792maxresident)k
0inputs+64outputs (0major+1587minor)pagefaults 0swaps
---------------------------------------
Begin Slurm Epilog: Apr-30-2025 21:35:51
Job ID:        2549794
User ID:       alambert48
Account:       ice-pace-staff
Job name:      run.sbatch
Resources:     cpu=24,mem=192G,node=1
Rsrc Used:     cput=12:20:48,vmem=0,walltime=00:30:52,mem=8340K,energy_used=0
Partition:     pace-cpu
QOS:           ice-pace-staff
Nodes:         atl1-1-03-004-5-1
---------------------------------------
