---------------------------------------
Begin Slurm Prolog: Apr-30-2025 21:10:04
Job ID:    2549800
User ID:   alambert48
Account:   ice-pace-staff
Job name:  run-mpi.sbatch
Partition: pace-cpu
QOS:       ice-pace-staff
---------------------------------------
jump range: 20
jumps: 10
hops: 3
capacity: 712
system count: 71059
station count: 265441
listing count: 11792320
found sol at index 34672
found sol at index 34672
found sol at index 34672
found sol at index 34672
found sol at index 34672
found sol at index 34672
found sol at index 34672
found sol at index 34672
found sol at index 34672
found sol at index 34672
found sol at index 34672
found sol at index 34672
100/31090
200/31090
300/31090
400/31090
500/31090
600/31090
700/31090
800/31090
900/31090
1000/31090
1100/31090
1200/31090
1300/31090
1400/31090
1500/31090
1600/31090
1700/31090
1800/31090
1900/31090
2000/31090
2100/31090
2200/31090
2300/31090
2400/31090
2500/31090
100/42346
200/42346
300/42346
400/42346
500/42346
600/42346
700/42346
800/42346
900/42346
1000/42346
1100/42346
1200/42346
1300/42346
1400/42346
1500/42346
1600/42346
1700/42346
1800/42346
1900/42346
2000/42346
2100/42346
2200/42346
2300/42346
2400/42346
2500/42346
2600/42346
2700/42346
2800/42346
2900/42346
3000/42346
3100/42346
3200/42346
3300/42346
3400/42346
3500/42346
hop 3:
	optimal solution to system id 3657265222338 and station id 3222614272 from system id 10477357419 and station id 3223933440 with profit 66950121
hop 2:
	optimal solution to system id 10477357419 and station id 3223933440 from system id 5061358913899 and station id 3228829696 with profit 38762041
hop 1:
	optimal solution to system id 5061358913899 and station id 3228829696 from system id 10477373803 and station id 3802401536 with profit 13328689
100/31090
200/31090
300/31090
400/31090
500/31090
600/31090
700/31090
800/31090
900/31090
1000/31090
1100/31090
1200/31090
1300/31090
1400/31090
1500/31090
1600/31090
1700/31090
1800/31090
1900/31090
2000/31090
2100/31090
2200/31090
2300/31090
2400/31090
2500/31090
100/42346
200/42346
300/42346
400/42346
500/42346
600/42346
700/42346
800/42346
900/42346
1000/42346
1100/42346
1200/42346
1300/42346
1400/42346
1500/42346
1600/42346
1700/42346
1800/42346
1900/42346
2000/42346
2100/42346
2200/42346
2300/42346
2400/42346
2500/42346
2600/42346
2700/42346
2800/42346
2900/42346
3000/42346
3100/42346
3200/42346
3300/42346
3400/42346
3500/42346
100/31090
200/31090
300/31090
400/31090
500/31090
600/31090
700/31090
800/31090
900/31090
1000/31090
1100/31090
1200/31090
1300/31090
1400/31090
1500/31090
1600/31090
1700/31090
1800/31090
1900/31090
2000/31090
2100/31090
2200/31090
2300/31090
2400/31090
2500/31090
100/42346
200/42346
300/42346
400/42346
500/42346
600/42346
700/42346
800/42346
900/42346
1000/42346
1100/42346
1200/42346
1300/42346
1400/42346
1500/42346
1600/42346
1700/42346
1800/42346
1900/42346
2000/42346
2100/42346
2200/42346
2300/42346
2400/42346
2500/42346
2600/42346
2700/42346
2800/42346
2900/42346
3000/42346
3100/42346
3200/42346
3300/42346
3400/42346
3500/42346
100/31090
200/31090
300/31090
400/31090
500/31090
600/31090
700/31090
800/31090
900/31090
1000/31090
1100/31090
1200/31090
1300/31090
1400/31090
1500/31090
1600/31090
1700/31090
1800/31090
1900/31090
2000/31090
2100/31090
2200/31090
2300/31090
2400/31090
2500/31090
100/42346
200/42346
300/42346
400/42346
500/42346
600/42346
700/42346
800/42346
900/42346
1000/42346
1100/42346
1200/42346
1300/42346
1400/42346
1500/42346
1600/42346
1700/42346
1800/42346
1900/42346
2000/42346
2100/42346
2200/42346
2300/42346
2400/42346
2500/42346
2600/42346
2700/42346
2800/42346
2900/42346
3000/42346
3100/42346
3200/42346
3300/42346
3400/42346
3500/42346
100/31090
200/31090
300/31090
400/31090
500/31090
600/31090
700/31090
800/31090
900/31090
1000/31090
1100/31090
1200/31090
1300/31090
1400/31090
1500/31090
1600/31090
1700/31090
1800/31090
1900/31090
2000/31090
2100/31090
2200/31090
2300/31090
2400/31090
2500/31090
100/42346
200/42346
300/42346
400/42346
500/42346
600/42346
700/42346
800/42346
900/42346
1000/42346
1100/42346
1200/42346
1300/42346
1400/42346
1500/42346
1600/42346
1700/42346
1800/42346
1900/42346
2000/42346
2100/42346
2200/42346
2300/42346
2400/42346
2500/42346
2600/42346
2700/42346
2800/42346
2900/42346
3000/42346
3100/42346
3200/42346
3300/42346
3400/42346
3500/42346
100/31090
200/31090
300/31090
400/31090
500/31090
600/31090
700/31090
800/31090
900/31090
1000/31090
1100/31090
1200/31090
1300/31090
1400/31090
1500/31090
1600/31090
1700/31090
1800/31090
1900/31090
2000/31090
2100/31090
2200/31090
2300/31090
2400/31090
2500/31090
100/42346
200/42346
300/42346
400/42346
500/42346
600/42346
700/42346
800/42346
900/42346
1000/42346
1100/42346
1200/42346
1300/42346
1400/42346
1500/42346
1600/42346
1700/42346
1800/42346
1900/42346
2000/42346
2100/42346
2200/42346
2300/42346
2400/42346
2500/42346
2600/42346
2700/42346
2800/42346
2900/42346
3000/42346
3100/42346
3200/42346
3300/42346
3400/42346
3500/42346
100/31090
200/31090
300/31090
400/31090
500/31090
600/31090
700/31090
800/31090
900/31090
1000/31090
1100/31090
1200/31090
1300/31090
1400/31090
1500/31090
1600/31090
1700/31090
1800/31090
1900/31090
2000/31090
2100/31090
2200/31090
2300/31090
2400/31090
2500/31090
100/42346
200/42346
300/42346
400/42346
500/42346
600/42346
700/42346
800/42346
900/42346
1000/42346
1100/42346
1200/42346
1300/42346
1400/42346
1500/42346
1600/42346
1700/42346
1800/42346
1900/42346
2000/42346
2100/42346
2200/42346
2300/42346
2400/42346
2500/42346
2600/42346
2700/42346
2800/42346
2900/42346
3000/42346
3100/42346
3200/42346
3300/42346
3400/42346
3500/42346
100/31090
200/31090
300/31090
400/31090
500/31090
600/31090
700/31090
800/31090
900/31090
1000/31090
1100/31090
1200/31090
1300/31090
1400/31090
1500/31090
1600/31090
1700/31090
1800/31090
1900/31090
2000/31090
2100/31090
2200/31090
2300/31090
2400/31090
2500/31090
100/42346
200/42346
300/42346
400/42346
500/42346
600/42346
700/42346
800/42346
900/42346
1000/42346
1100/42346
1200/42346
1300/42346
1400/42346
1500/42346
1600/42346
1700/42346
1800/42346
1900/42346
2000/42346
2100/42346
2200/42346
2300/42346
2400/42346
2500/42346
2600/42346
2700/42346
2800/42346
2900/42346
3000/42346
3100/42346
3200/42346
3300/42346
3400/42346
3500/42346
100/31090
200/31090
300/31090
400/31090
500/31090
600/31090
700/31090
800/31090
900/31090
1000/31090
1100/31090
1200/31090
1300/31090
1400/31090
1500/31090
1600/31090
1700/31090
1800/31090
1900/31090
2000/31090
2100/31090
2200/31090
2300/31090
2400/31090
2500/31090
100/42346
200/42346
300/42346
400/42346
500/42346
600/42346
700/42346
800/42346
900/42346
1000/42346
1100/42346
1200/42346
1300/42346
1400/42346
1500/42346
1600/42346
1700/42346
1800/42346
1900/42346
2000/42346
2100/42346
2200/42346
2300/42346
2400/42346
2500/42346
2600/42346
2700/42346
2800/42346
2900/42346
3000/42346
3100/42346
3200/42346
3300/42346
3400/42346
3500/42346
100/31090
200/31090
300/31090
400/31090
500/31090
600/31090
700/31090
800/31090
900/31090
1000/31090
1100/31090
1200/31090
1300/31090
1400/31090
1500/31090
1600/31090
1700/31090
1800/31090
1900/31090
2000/31090
2100/31090
2200/31090
2300/31090
2400/31090
2500/31090
100/42346
200/42346
300/42346
400/42346
500/42346
600/42346
700/42346
800/42346
900/42346
1000/42346
1100/42346
1200/42346
1300/42346
1400/42346
1500/42346
1600/42346
1700/42346
1800/42346
1900/42346
2000/42346
2100/42346
2200/42346
2300/42346
2400/42346
2500/42346
2600/42346
2700/42346
2800/42346
2900/42346
3000/42346
3100/42346
3200/42346
3300/42346
3400/42346
3500/42346
100/31090
200/31090
300/31090
400/31090
500/31090
600/31090
700/31090
800/31090
900/31090
1000/31090
1100/31090
1200/31090
1300/31090
1400/31090
1500/31090
1600/31090
1700/31090
1800/31090
1900/31090
2000/31090
2100/31090
2200/31090
2300/31090
2400/31090
2500/31090
2600/31090
100/42346
200/42346
300/42346
400/42346
500/42346
600/42346
700/42346
800/42346
900/42346
1000/42346
1100/42346
1200/42346
1300/42346
1400/42346
1500/42346
1600/42346
1700/42346
1800/42346
1900/42346
2000/42346
2100/42346
2200/42346
2300/42346
2400/42346
2500/42346
2600/42346
2700/42346
2800/42346
2900/42346
3000/42346
3100/42346
3200/42346
3300/42346
3400/42346
3500/42346
100/31090
200/31090
300/31090
400/31090
500/31090
600/31090
700/31090
800/31090
900/31090
1000/31090
1100/31090
1200/31090
1300/31090
1400/31090
1500/31090
1600/31090
1700/31090
1800/31090
1900/31090
2000/31090
2100/31090
2200/31090
2300/31090
2400/31090
2500/31090
100/42346
200/42346
300/42346
400/42346
500/42346
600/42346
700/42346
800/42346
900/42346
1000/42346
1100/42346
1200/42346
1300/42346
1400/42346
1500/42346
1600/42346
1700/42346
1800/42346
1900/42346
2000/42346
2100/42346
2200/42346
2300/42346
2400/42346
2500/42346
2600/42346
2700/42346
2800/42346
2900/42346
3000/42346
3100/42346
3200/42346
3300/42346
3400/42346
3500/42346
0.03user 0.01system 16:10.09elapsed 0%CPU (0avgtext+0avgdata 9792maxresident)k
0inputs+48outputs (0major+1588minor)pagefaults 0swaps
---------------------------------------
Begin Slurm Epilog: Apr-30-2025 21:26:14
Job ID:        2549800
User ID:       alambert48
Account:       ice-pace-staff
Job name:      run-mpi.sbatch
Resources:     cpu=24,mem=192G,node=1
Rsrc Used:     cput=06:28:00,vmem=0,walltime=00:16:10,mem=7556K,energy_used=0
Partition:     pace-cpu
QOS:           ice-pace-staff
Nodes:         atl1-1-01-005-2-2
---------------------------------------
